[INFO] Scanning for projects...
[INFO] 
[INFO] -----------------------< Assignment:Assignment >------------------------
[INFO] Building Assignment 1.0-SNAPSHOT
[INFO] --------------------------------[ jar ]---------------------------------
[INFO] 
[INFO] --- maven-clean-plugin:2.5:clean (default-clean) @ Assignment ---
[INFO] Deleting /Users/francescachircop/Desktop/CPS2002-SoftwareEng/target
[INFO] 
[INFO] --- jacoco-maven-plugin:0.8.2:prepare-agent (default) @ Assignment ---
[INFO] argLine set to -javaagent:/Users/francescachircop/.m2/repository/org/jacoco/org.jacoco.agent/0.8.2/org.jacoco.agent-0.8.2-runtime.jar=destfile=/Users/francescachircop/Desktop/CPS2002-SoftwareEng/target/jacoco.exec,excludes=**/utils/**
[INFO] 
[INFO] --- maven-resources-plugin:2.6:resources (default-resources) @ Assignment ---
[WARNING] Using platform encoding (US-ASCII actually) to copy filtered resources, i.e. build is platform dependent!
[INFO] skip non existing resourceDirectory /Users/francescachircop/Desktop/CPS2002-SoftwareEng/src/main/resources
[INFO] 
[INFO] --- maven-compiler-plugin:3.6.0:compile (default-compile) @ Assignment ---
[INFO] Changes detected - recompiling the module!
[WARNING] File encoding has not been set, using platform encoding US-ASCII, i.e. build is platform dependent!
[INFO] Compiling 4 source files to /Users/francescachircop/Desktop/CPS2002-SoftwareEng/target/classes
[INFO] 
[INFO] --- maven-resources-plugin:2.6:testResources (default-testResources) @ Assignment ---
[WARNING] Using platform encoding (US-ASCII actually) to copy filtered resources, i.e. build is platform dependent!
[INFO] skip non existing resourceDirectory /Users/francescachircop/Desktop/CPS2002-SoftwareEng/src/test/resources
[INFO] 
[INFO] --- maven-compiler-plugin:3.6.0:testCompile (default-testCompile) @ Assignment ---
[INFO] Changes detected - recompiling the module!
[WARNING] File encoding has not been set, using platform encoding US-ASCII, i.e. build is platform dependent!
[INFO] Compiling 3 source files to /Users/francescachircop/Desktop/CPS2002-SoftwareEng/target/test-classes
[INFO] 
[INFO] --- maven-surefire-plugin:2.12.4:test (default-test) @ Assignment ---
[INFO] Surefire report directory: /Users/francescachircop/Desktop/CPS2002-SoftwareEng/target/surefire-reports

-------------------------------------------------------
 T E S T S
-------------------------------------------------------
Exception in thread "main" java.lang.reflect.InvocationTargetException
	at java.base/jdk.internal.reflect.NativeMethodAccessorImpl.invoke0(Native Method)
	at java.base/jdk.internal.reflect.NativeMethodAccessorImpl.invoke(NativeMethodAccessorImpl.java:62)
	at java.base/jdk.internal.reflect.DelegatingMethodAccessorImpl.invoke(DelegatingMethodAccessorImpl.java:43)
	at java.base/java.lang.reflect.Method.invoke(Method.java:567)
	at java.instrument/sun.instrument.InstrumentationImpl.loadClassAndStartAgent(InstrumentationImpl.java:513)
	at java.instrument/sun.instrument.InstrumentationImpl.loadClassAndCallPremain(InstrumentationImpl.java:525)
Caused by: java.lang.RuntimeException: Class java/lang/UnknownError could not be instrumented.
	at org.jacoco.agent.rt.internal_28bab1d.core.runtime.ModifiedSystemClassRuntime.createFor(ModifiedSystemClassRuntime.java:140)
	at org.jacoco.agent.rt.internal_28bab1d.core.runtime.ModifiedSystemClassRuntime.createFor(ModifiedSystemClassRuntime.java:101)
	at org.jacoco.agent.rt.internal_28bab1d.PreMain.createRuntime(PreMain.java:55)
	at org.jacoco.agent.rt.internal_28bab1d.PreMain.premain(PreMain.java:47)
	... 6 more
Caused by: java.lang.NoSuchFieldException: $jacocoAccess
	at java.base/java.lang.Class.getField(Class.java:2000)
	at org.jacoco.agent.rt.internal_28bab1d.core.runtime.ModifiedSystemClassRuntime.createFor(ModifiedSystemClassRuntime.java:138)
	... 9 more
*** java.lang.instrument ASSERTION FAILED ***: "result" with message agent load/premain call failed at JPLISAgent.c line: 422
FATAL ERROR in native method: processing of -javaagent failed, processJavaStart failed
/bin/sh: line 1: 74208 Abort trap: 6           /usr/local/Cellar/openjdk/13.0.2+8_2/libexec/openjdk.jdk/Contents/Home/bin/java '-javaagent:/Users/francescachircop/.m2/repository/org/jacoco/org.jacoco.agent/0.8.2/org.jacoco.agent-0.8.2-runtime.jar=destfile=/Users/francescachircop/Desktop/CPS2002-SoftwareEng/target/jacoco.exec,excludes=**/utils/**' -jar /Users/francescachircop/Desktop/CPS2002-SoftwareEng/target/surefire/surefirebooter1282130050607551932.jar /Users/francescachircop/Desktop/CPS2002-SoftwareEng/target/surefire/surefire11897971336332743982tmp /Users/francescachircop/Desktop/CPS2002-SoftwareEng/target/surefire/surefire_02301904833657423785tmp

Results :

Tests run: 0, Failures: 0, Errors: 0, Skipped: 0

[INFO] ------------------------------------------------------------------------
[INFO] BUILD FAILURE
[INFO] ------------------------------------------------------------------------
[INFO] Total time:  3.537 s
[INFO] Finished at: 2020-04-15T20:29:00+02:00
[INFO] ------------------------------------------------------------------------
[ERROR] Failed to execute goal org.apache.maven.plugins:maven-surefire-plugin:2.12.4:test (default-test) on project Assignment: Execution default-test of goal org.apache.maven.plugins:maven-surefire-plugin:2.12.4:test failed: The forked VM terminated without saying properly goodbye. VM crash or System.exit called ? -> [Help 1]
[ERROR] 
[ERROR] To see the full stack trace of the errors, re-run Maven with the -e switch.
[ERROR] Re-run Maven using the -X switch to enable full debug logging.
[ERROR] 
[ERROR] For more information about the errors and possible solutions, please read the following articles:
[ERROR] [Help 1] http://cwiki.apache.org/confluence/display/MAVEN/PluginExecutionException
